<?xml version="1.0" encoding="UTF-8" ?>
<testsuite failures="0" time="1.254" errors="0" skipped="0" tests="6" name="net.sourceforge.subsonic.dao.UserDaoTestCase">
  <properties>
[...]
</properties>
  <testcase time="0.182" classname="net.sourceforge.subsonic.dao.UserDaoTestCase" name="testCreateUser"/>
  <testcase time="0.186" classname="net.sourceforge.subsonic.dao.UserDaoTestCase" name="testUpdateUser"/>
  <testcase time="0.196" classname="net.sourceforge.subsonic.dao.UserDaoTestCase" name="testGetUserByName"/>
  <testcase time="0.214" classname="net.sourceforge.subsonic.dao.UserDaoTestCase" name="testDeleteUser"/>
  <testcase time="0.206" classname="net.sourceforge.subsonic.dao.UserDaoTestCase" name="testGetRolesForUser"/>
  <testcase time="0.266" classname="net.sourceforge.subsonic.dao.UserDaoTestCase" name="testUserSettings"/>
</testsuite>