# JRE version: 7.0_25-b30
# Java VM: OpenJDK 64-Bit Server VM (23.7-b01 mixed mode linux-amd64 compressed oops)
Heap
 PSYoungGen      total 536768K, used 175965K [0x00000007ae0b0000, 0x00000007e43d0000, 0x0000000800000000)
  eden space 478464K, 28% used [0x00000007ae0b0000,0x00000007b64569d0,0x00000007cb3f0000)
  from space 58304K, 70% used [0x00000007cb3f0000,0x00000007cdc20b68,0x00000007cece0000)
  to   space 61184K, 0% used [0x00000007e0810000,0x00000007e0810000,0x00000007e43d0000)
 ParOldGen       total 167872K, used 62413K [0x000000070a200000, 0x00000007145f0000, 0x00000007ae0b0000)
  object space 167872K, 37% used [0x000000070a200000,0x000000070def3490,0x00000007145f0000)
 PSPermGen       total 52736K, used 52700K [0x00000006ffc00000, 0x0000000702f80000, 0x000000070a200000)
  object space 52736K, 99% used [0x00000006ffc00000,0x0000000702f772f8,0x0000000702f80000)
GC Heap History (10 events):
Event: 3.847 GC heap before
{Heap before GC invocations=5 (full 0):
 PSYoungGen      total 136512K, used 136488K [0x00000007ae0b0000, 0x00000007b7030000, 0x0000000800000000)
  eden space 126080K, 100% used [0x00000007ae0b0000,0x00000007b5bd0000,0x00000007b5bd0000)
  from space 10432K, 99% used [0x00000007b6600000,0x00000007b702a0c8,0x00000007b7030000)
  to   space 10432K, 0% used [0x00000007b5bd0000,0x00000007b5bd0000,0x00000007b6600000)
 ParOldGen       total 167872K, used 2184K [0x000000070a200000, 0x00000007145f0000, 0x00000007ae0b0000)
  object space 167872K, 1% used [0x000000070a200000,0x000000070a4223f0,0x00000007145f0000)
 PSPermGen       total 21632K, used 21456K [0x00000006ffc00000, 0x0000000701120000, 0x000000070a200000)
  object space 21632K, 99% used [0x00000006ffc00000,0x00000007010f4140,0x0000000701120000)
Event: 3.871 GC heap after
Heap after GC invocations=5 (full 0):
 PSYoungGen      total 136512K, used 10408K [0x00000007ae0b0000, 0x00000007c0670000, 0x0000000800000000)
  eden space 126080K, 0% used [0x00000007ae0b0000,0x00000007ae0b0000,0x00000007b5bd0000)
  from space 10432K, 99% used [0x00000007b5bd0000,0x00000007b65fa0b8,0x00000007b6600000)
  to   space 24320K, 0% used [0x00000007beeb0000,0x00000007beeb0000,0x00000007c0670000)
 ParOldGen       total 167872K, used 17884K [0x000000070a200000, 0x00000007145f0000, 0x00000007ae0b0000)
  object space 167872K, 10% used [0x000000070a200000,0x000000070b377290,0x00000007145f0000)
 PSPermGen       total 21632K, used 21456K [0x00000006ffc00000, 0x0000000701120000, 0x000000070a200000)
  object space 21632K, 99% used [0x00000006ffc00000,0x00000007010f4140,0x0000000701120000)
}
Event: 4.501 GC heap before
{Heap before GC invocations=6 (full 0):
 PSYoungGen      total 136512K, used 136488K [0x00000007ae0b0000, 0x00000007c0670000, 0x0000000800000000)
  eden space 126080K, 100% used [0x00000007ae0b0000,0x00000007b5bd0000,0x00000007b5bd0000)
  from space 10432K, 99% used [0x00000007b5bd0000,0x00000007b65fa0b8,0x00000007b6600000)
  to   space 24320K, 0% used [0x00000007beeb0000,0x00000007beeb0000,0x00000007c0670000)
 ParOldGen       total 167872K, used 17884K [0x000000070a200000, 0x00000007145f0000, 0x00000007ae0b0000)
  object space 167872K, 10% used [0x000000070a200000,0x000000070b377290,0x00000007145f0000)
 PSPermGen       total 21632K, used 21541K [0x00000006ffc00000, 0x0000000701120000, 0x000000070a200000)
  object space 21632K, 99% used [0x00000006ffc00000,0x0000000701109560,0x0000000701120000)
Event: 4.533 GC heap after
Heap after GC invocations=6 (full 0):
 PSYoungGen      total 264640K, used 24313K [0x00000007ae0b0000, 0x00000007c1d90000, 0x0000000800000000)
  eden space 240320K, 0% used [0x00000007ae0b0000,0x00000007ae0b0000,0x00000007bcb60000)
  from space 24320K, 99% used [0x00000007beeb0000,0x00000007c066e6e8,0x00000007c0670000)
  to   space 36160K, 0% used [0x00000007bcb60000,0x00000007bcb60000,0x00000007beeb0000)
 ParOldGen       total 167872K, used 30935K [0x000000070a200000, 0x00000007145f0000, 0x00000007ae0b0000)
  object space 167872K, 18% used [0x000000070a200000,0x000000070c035ee8,0x00000007145f0000)
 PSPermGen       total 21632K, used 21541K [0x00000006ffc00000, 0x0000000701120000, 0x000000070a200000)
  object space 21632K, 99% used [0x00000006ffc00000,0x0000000701109560,0x0000000701120000)
}
Event: 5.736 GC heap before
{Heap before GC invocations=7 (full 0):
 PSYoungGen      total 264640K, used 264633K [0x00000007ae0b0000, 0x00000007c1d90000, 0x0000000800000000)
  eden space 240320K, 100% used [0x00000007ae0b0000,0x00000007bcb60000,0x00000007bcb60000)
  from space 24320K, 99% used [0x00000007beeb0000,0x00000007c066e6e8,0x00000007c0670000)
  to   space 36160K, 0% used [0x00000007bcb60000,0x00000007bcb60000,0x00000007beeb0000)
 ParOldGen       total 167872K, used 30935K [0x000000070a200000, 0x00000007145f0000, 0x00000007ae0b0000)
  object space 167872K, 18% used [0x000000070a200000,0x000000070c035ee8,0x00000007145f0000)
 PSPermGen       total 21632K, used 21555K [0x00000006ffc00000, 0x0000000701120000, 0x000000070a200000)
  object space 21632K, 99% used [0x00000006ffc00000,0x000000070110cc70,0x0000000701120000)
Event: 5.784 GC heap after
Heap after GC invocations=7 (full 0):
 PSYoungGen      total 276480K, used 36129K [0x00000007ae0b0000, 0x00000007d23b0000, 0x0000000800000000)
  eden space 240320K, 0% used [0x00000007ae0b0000,0x00000007ae0b0000,0x00000007bcb60000)
  from space 36160K, 99% used [0x00000007bcb60000,0x00000007beea86f0,0x00000007beeb0000)
  to   space 56128K, 0% used [0x00000007cece0000,0x00000007cece0000,0x00000007d23b0000)
 ParOldGen       total 167872K, used 56929K [0x000000070a200000, 0x00000007145f0000, 0x00000007ae0b0000)
  object space 167872K, 33% used [0x000000070a200000,0x000000070d998740,0x00000007145f0000)
 PSPermGen       total 21632K, used 21555K [0x00000006ffc00000, 0x0000000701120000, 0x000000070a200000)
  object space 21632K, 99% used [0x00000006ffc00000,0x000000070110cc70,0x0000000701120000)
}
Event: 7.471 GC heap before
{Heap before GC invocations=8 (full 0):
 PSYoungGen      total 276480K, used 276449K [0x00000007ae0b0000, 0x00000007d23b0000, 0x0000000800000000)
  eden space 240320K, 100% used [0x00000007ae0b0000,0x00000007bcb60000,0x00000007bcb60000)
  from space 36160K, 99% used [0x00000007bcb60000,0x00000007beea86f0,0x00000007beeb0000)
  to   space 56128K, 0% used [0x00000007cece0000,0x00000007cece0000,0x00000007d23b0000)
 ParOldGen       total 167872K, used 56929K [0x000000070a200000, 0x00000007145f0000, 0x00000007ae0b0000)
  object space 167872K, 33% used [0x000000070a200000,0x000000070d998740,0x00000007145f0000)
 PSPermGen       total 36224K, used 36056K [0x00000006ffc00000, 0x0000000701f60000, 0x000000070a200000)
  object space 36224K, 99% used [0x00000006ffc00000,0x0000000701f36338,0x0000000701f60000)
Event: 7.504 GC heap after
Heap after GC invocations=8 (full 0):
 PSYoungGen      total 534592K, used 37323K [0x00000007ae0b0000, 0x00000007d27f0000, 0x0000000800000000)
  eden space 478464K, 0% used [0x00000007ae0b0000,0x00000007ae0b0000,0x00000007cb3f0000)
  from space 56128K, 66% used [0x00000007cece0000,0x00000007d1152d98,0x00000007d23b0000)
  to   space 58304K, 0% used [0x00000007cb3f0000,0x00000007cb3f0000,0x00000007cece0000)
 ParOldGen       total 167872K, used 60052K [0x000000070a200000, 0x00000007145f0000, 0x00000007ae0b0000)
  object space 167872K, 35% used [0x000000070a200000,0x000000070dca5218,0x00000007145f0000)
 PSPermGen       total 36224K, used 36056K [0x00000006ffc00000, 0x0000000701f60000, 0x000000070a200000)
  object space 36224K, 99% used [0x00000006ffc00000,0x0000000701f36338,0x0000000701f60000)
}
Event: 13.064 GC heap before
{Heap before GC invocations=9 (full 0):
 PSYoungGen      total 534592K, used 515787K [0x00000007ae0b0000, 0x00000007d27f0000, 0x0000000800000000)
  eden space 478464K, 100% used [0x00000007ae0b0000,0x00000007cb3f0000,0x00000007cb3f0000)
  from space 56128K, 66% used [0x00000007cece0000,0x00000007d1152d98,0x00000007d23b0000)
  to   space 58304K, 0% used [0x00000007cb3f0000,0x00000007cb3f0000,0x00000007cece0000)
 ParOldGen       total 167872K, used 60052K [0x000000070a200000, 0x00000007145f0000, 0x00000007ae0b0000)
  object space 167872K, 35% used [0x000000070a200000,0x000000070dca5218,0x00000007145f0000)
 PSPermGen       total 50624K, used 50606K [0x00000006ffc00000, 0x0000000702d70000, 0x000000070a200000)
  object space 50624K, 99% used [0x00000006ffc00000,0x0000000702d6ba40,0x0000000702d70000)
Event: 13.089 GC heap after
Heap after GC invocations=9 (full 0):
 PSYoungGen      total 536768K, used 41154K [0x00000007ae0b0000, 0x00000007e43d0000, 0x0000000800000000)
  eden space 478464K, 0% used [0x00000007ae0b0000,0x00000007ae0b0000,0x00000007cb3f0000)
  from space 58304K, 70% used [0x00000007cb3f0000,0x00000007cdc20b68,0x00000007cece0000)
  to   space 61184K, 0% used [0x00000007e0810000,0x00000007e0810000,0x00000007e43d0000)
 ParOldGen       total 167872K, used 62413K [0x000000070a200000, 0x00000007145f0000, 0x00000007ae0b0000)
  object space 167872K, 37% used [0x000000070a200000,0x000000070def3490,0x00000007145f0000)
 PSPermGen       total 50624K, used 50606K [0x00000006ffc00000, 0x0000000702d70000, 0x000000070a200000)
  object space 50624K, 99% used [0x00000006ffc00000,0x0000000702d6ba40,0x0000000702d70000)
}

