# JRE version: Java(TM) SE Runtime Environment (7.0_51-b13) (build 1.7.0_51-b13)
# Java VM: Java HotSpot(TM) 64-Bit Server VM (24.51-b03 mixed mode linux-amd64 compressed oops)
Heap
 PSYoungGen      total 845824K, used 553911K [0x00000007ae080000, 0x00000007e5e80000, 0x0000000800000000)
  eden space 782336K, 70% used [0x00000007ae080000,0x00000007cfd6df28,0x00000007ddc80000)
  from space 63488K, 0% used [0x00000007e2080000,0x00000007e2080000,0x00000007e5e80000)
  to   space 66560K, 0% used [0x00000007ddc80000,0x00000007ddc80000,0x00000007e1d80000)
 ParOldGen       total 178176K, used 69633K [0x000000070a200000, 0x0000000715000000, 0x00000007ae080000)
  object space 178176K, 39% used [0x000000070a200000,0x000000070e6004a0,0x0000000715000000)
 PSPermGen       total 83968K, used 51916K [0x0000000705000000, 0x000000070a200000, 0x000000070a200000)
  object space 83968K, 61% used [0x0000000705000000,0x00000007082b3128,0x000000070a200000)
GC Heap History (10 events):
Event: 3.600 GC heap before
{Heap before GC invocations=7 (full 0):
 PSYoungGen      total 274432K, used 270739K [0x00000007ae080000, 0x00000007c0480000, 0x0000000800000000)
  eden space 252928K, 100% used [0x00000007ae080000,0x00000007bd780000,0x00000007bd780000)
  from space 21504K, 82% used [0x00000007bed80000,0x00000007bfee4f98,0x00000007c0280000)
  to   space 22528K, 0% used [0x00000007bd780000,0x00000007bd780000,0x00000007bed80000)
 ParOldGen       total 167424K, used 20919K [0x000000070a200000, 0x0000000714580000, 0x00000007ae080000)
  object space 167424K, 12% used [0x000000070a200000,0x000000070b66dc48,0x0000000714580000)
 PSPermGen       total 21504K, used 13430K [0x0000000705000000, 0x0000000706500000, 0x000000070a200000)
  object space 21504K, 62% used [0x0000000705000000,0x0000000705d1db28,0x0000000706500000)
Event: 3.620 GC heap after
Heap after GC invocations=7 (full 0):
 PSYoungGen      total 275456K, used 13392K [0x00000007ae080000, 0x00000007cf880000, 0x0000000800000000)
  eden space 252928K, 0% used [0x00000007ae080000,0x00000007ae080000,0x00000007bd780000)
  from space 22528K, 59% used [0x00000007bd780000,0x00000007be494060,0x00000007bed80000)
  to   space 21504K, 0% used [0x00000007ce380000,0x00000007ce380000,0x00000007cf880000)
 ParOldGen       total 167424K, used 26730K [0x000000070a200000, 0x0000000714580000, 0x00000007ae080000)
  object space 167424K, 15% used [0x000000070a200000,0x000000070bc1ab38,0x0000000714580000)
 PSPermGen       total 21504K, used 13430K [0x0000000705000000, 0x0000000706500000, 0x000000070a200000)
  object space 21504K, 62% used [0x0000000705000000,0x0000000705d1db28,0x0000000706500000)
}
Event: 5.533 GC heap before
{Heap before GC invocations=8 (full 0):
 PSYoungGen      total 275456K, used 266320K [0x00000007ae080000, 0x00000007cf880000, 0x0000000800000000)
  eden space 252928K, 100% used [0x00000007ae080000,0x00000007bd780000,0x00000007bd780000)
  from space 22528K, 59% used [0x00000007bd780000,0x00000007be494060,0x00000007bed80000)
  to   space 21504K, 0% used [0x00000007ce380000,0x00000007ce380000,0x00000007cf880000)
 ParOldGen       total 167424K, used 26730K [0x000000070a200000, 0x0000000714580000, 0x00000007ae080000)
  object space 167424K, 15% used [0x000000070a200000,0x000000070bc1ab38,0x0000000714580000)
 PSPermGen       total 21504K, used 15898K [0x0000000705000000, 0x0000000706500000, 0x000000070a200000)
  object space 21504K, 73% used [0x0000000705000000,0x0000000705f86980,0x0000000706500000)
Event: 5.577 GC heap after
Heap after GC invocations=8 (full 0):
 PSYoungGen      total 510464K, used 21494K [0x00000007ae080000, 0x00000007d1980000, 0x0000000800000000)
  eden space 488960K, 0% used [0x00000007ae080000,0x00000007ae080000,0x00000007cbe00000)
  from space 21504K, 99% used [0x00000007ce380000,0x00000007cf87da88,0x00000007cf880000)
  to   space 38400K, 0% used [0x00000007cbe00000,0x00000007cbe00000,0x00000007ce380000)
 ParOldGen       total 167424K, used 59846K [0x000000070a200000, 0x0000000714580000, 0x00000007ae080000)
  object space 167424K, 35% used [0x000000070a200000,0x000000070dc71b40,0x0000000714580000)
 PSPermGen       total 21504K, used 15898K [0x0000000705000000, 0x0000000706500000, 0x000000070a200000)
  object space 21504K, 73% used [0x0000000705000000,0x0000000705f86980,0x0000000706500000)
}
Event: 8.847 GC heap before
{Heap before GC invocations=9 (full 0):
 PSYoungGen      total 510464K, used 510454K [0x00000007ae080000, 0x00000007d1980000, 0x0000000800000000)
  eden space 488960K, 100% used [0x00000007ae080000,0x00000007cbe00000,0x00000007cbe00000)
  from space 21504K, 99% used [0x00000007ce380000,0x00000007cf87da88,0x00000007cf880000)
  to   space 38400K, 0% used [0x00000007cbe00000,0x00000007cbe00000,0x00000007ce380000)
 ParOldGen       total 167424K, used 59846K [0x000000070a200000, 0x0000000714580000, 0x00000007ae080000)
  object space 167424K, 35% used [0x000000070a200000,0x000000070dc71b40,0x0000000714580000)
 PSPermGen       total 26112K, used 25617K [0x0000000705000000, 0x0000000706980000, 0x000000070a200000)
  object space 26112K, 98% used [0x0000000705000000,0x0000000706904740,0x0000000706980000)
Event: 8.923 GC heap after
Heap after GC invocations=9 (full 0):
 PSYoungGen      total 527360K, used 38393K [0x00000007ae080000, 0x00000007e6480000, 0x0000000800000000)
  eden space 488960K, 0% used [0x00000007ae080000,0x00000007ae080000,0x00000007cbe00000)
  from space 38400K, 99% used [0x00000007cbe00000,0x00000007ce37e440,0x00000007ce380000)
  to   space 69632K, 0% used [0x00000007e2080000,0x00000007e2080000,0x00000007e6480000)
 ParOldGen       total 167424K, used 123079K [0x000000070a200000, 0x0000000714580000, 0x00000007ae080000)
  object space 167424K, 73% used [0x000000070a200000,0x0000000711a31d08,0x0000000714580000)
 PSPermGen       total 26112K, used 25617K [0x0000000705000000, 0x0000000706980000, 0x000000070a200000)
  object space 26112K, 98% used [0x0000000705000000,0x0000000706904740,0x0000000706980000)
}
Event: 194.356 GC heap before
{Heap before GC invocations=10 (full 0):
 PSYoungGen      total 527360K, used 527353K [0x00000007ae080000, 0x00000007e6480000, 0x0000000800000000)
  eden space 488960K, 100% used [0x00000007ae080000,0x00000007cbe00000,0x00000007cbe00000)
  from space 38400K, 99% used [0x00000007cbe00000,0x00000007ce37e440,0x00000007ce380000)
  to   space 69632K, 0% used [0x00000007e2080000,0x00000007e2080000,0x00000007e6480000)
 ParOldGen       total 167424K, used 123079K [0x000000070a200000, 0x0000000714580000, 0x00000007ae080000)
  object space 167424K, 73% used [0x000000070a200000,0x0000000711a31d08,0x0000000714580000)
 PSPermGen       total 43008K, used 42780K [0x0000000705000000, 0x0000000707a00000, 0x000000070a200000)
  object space 43008K, 99% used [0x0000000705000000,0x00000007079c73b8,0x0000000707a00000)
Event: 194.383 GC heap after
Heap after GC invocations=10 (full 0):
 PSYoungGen      total 845824K, used 31494K [0x00000007ae080000, 0x00000007e5e80000, 0x0000000800000000)
  eden space 782336K, 0% used [0x00000007ae080000,0x00000007ae080000,0x00000007ddc80000)
  from space 63488K, 49% used [0x00000007e2080000,0x00000007e3f41b28,0x00000007e5e80000)
  to   space 66560K, 0% used [0x00000007ddc80000,0x00000007ddc80000,0x00000007e1d80000)
 ParOldGen       total 167424K, used 126895K [0x000000070a200000, 0x0000000714580000, 0x00000007ae080000)
  object space 167424K, 75% used [0x000000070a200000,0x0000000711debf80,0x0000000714580000)
 PSPermGen       total 43008K, used 42780K [0x0000000705000000, 0x0000000707a00000, 0x000000070a200000)
  object space 43008K, 99% used [0x0000000705000000,0x00000007079c73b8,0x0000000707a00000)
}
Event: 194.383 GC heap before
{Heap before GC invocations=11 (full 1):
 PSYoungGen      total 845824K, used 31494K [0x00000007ae080000, 0x00000007e5e80000, 0x0000000800000000)
  eden space 782336K, 0% used [0x00000007ae080000,0x00000007ae080000,0x00000007ddc80000)
  from space 63488K, 49% used [0x00000007e2080000,0x00000007e3f41b28,0x00000007e5e80000)
  to   space 66560K, 0% used [0x00000007ddc80000,0x00000007ddc80000,0x00000007e1d80000)
 ParOldGen       total 167424K, used 126895K [0x000000070a200000, 0x0000000714580000, 0x00000007ae080000)
  object space 167424K, 75% used [0x000000070a200000,0x0000000711debf80,0x0000000714580000)
 PSPermGen       total 43008K, used 42780K [0x0000000705000000, 0x0000000707a00000, 0x000000070a200000)
  object space 43008K, 99% used [0x0000000705000000,0x00000007079c73b8,0x0000000707a00000)
Event: 194.544 GC heap after
Heap after GC invocations=11 (full 1):
 PSYoungGen      total 845824K, used 0K [0x00000007ae080000, 0x00000007e5e80000, 0x0000000800000000)
  eden space 782336K, 0% used [0x00000007ae080000,0x00000007ae080000,0x00000007ddc80000)
  from space 63488K, 0% used [0x00000007e2080000,0x00000007e2080000,0x00000007e5e80000)
  to   space 66560K, 0% used [0x00000007ddc80000,0x00000007ddc80000,0x00000007e1d80000)
 ParOldGen       total 178176K, used 69633K [0x000000070a200000, 0x0000000715000000, 0x00000007ae080000)
  object space 178176K, 39% used [0x000000070a200000,0x000000070e6004a0,0x0000000715000000)
 PSPermGen       total 83968K, used 42766K [0x0000000705000000, 0x000000070a200000, 0x000000070a200000)
  object space 83968K, 50% used [0x0000000705000000,0x00000007079c38b8,0x000000070a200000)
}

