# JRE version: 7.0_25-b30
# Java VM: OpenJDK 64-Bit Server VM (23.7-b01 mixed mode linux-amd64 compressed oops)
Heap
 PSYoungGen      total 824512K, used 68841K [0x00000007ae0b0000, 0x00000007e4a70000, 0x0000000800000000)
  eden space 763136K, 3% used [0x00000007ae0b0000,0x00000007af8ba868,0x00000007dc9f0000)
  from space 61376K, 72% used [0x00000007e08c0000,0x00000007e33efc78,0x00000007e44b0000)
  to   space 64320K, 0% used [0x00000007dc9f0000,0x00000007dc9f0000,0x00000007e08c0000)
 ParOldGen       total 167872K, used 71774K [0x000000070a200000, 0x00000007145f0000, 0x00000007ae0b0000)
  object space 167872K, 42% used [0x000000070a200000,0x000000070e817be0,0x00000007145f0000)
 PSPermGen       total 56768K, used 56737K [0x00000006ffc00000, 0x0000000703370000, 0x000000070a200000)
  object space 56768K, 99% used [0x00000006ffc00000,0x0000000703368718,0x0000000703370000)
GC Heap History (10 events):
Event: 4.416 GC heap before
{Heap before GC invocations=6 (full 0):
 PSYoungGen      total 136512K, used 136504K [0x00000007ae0b0000, 0x00000007c06b0000, 0x0000000800000000)
  eden space 126080K, 100% used [0x00000007ae0b0000,0x00000007b5bd0000,0x00000007b5bd0000)
  from space 10432K, 99% used [0x00000007b5bd0000,0x00000007b65fe0a8,0x00000007b6600000)
  to   space 24448K, 0% used [0x00000007beed0000,0x00000007beed0000,0x00000007c06b0000)
 ParOldGen       total 167872K, used 18096K [0x000000070a200000, 0x00000007145f0000, 0x00000007ae0b0000)
  object space 167872K, 10% used [0x000000070a200000,0x000000070b3ac000,0x00000007145f0000)
 PSPermGen       total 21632K, used 21534K [0x00000006ffc00000, 0x0000000701120000, 0x000000070a200000)
  object space 21632K, 99% used [0x00000006ffc00000,0x0000000701107968,0x0000000701120000)
Event: 4.448 GC heap after
Heap after GC invocations=6 (full 0):
 PSYoungGen      total 264896K, used 24439K [0x00000007ae0b0000, 0x00000007c1d90000, 0x0000000800000000)
  eden space 240448K, 0% used [0x00000007ae0b0000,0x00000007ae0b0000,0x00000007bcb80000)
  from space 24448K, 99% used [0x00000007beed0000,0x00000007c06add40,0x00000007c06b0000)
  to   space 36160K, 0% used [0x00000007bcb80000,0x00000007bcb80000,0x00000007beed0000)
 ParOldGen       total 167872K, used 30845K [0x000000070a200000, 0x00000007145f0000, 0x00000007ae0b0000)
  object space 167872K, 18% used [0x000000070a200000,0x000000070c01f490,0x00000007145f0000)
 PSPermGen       total 21632K, used 21534K [0x00000006ffc00000, 0x0000000701120000, 0x000000070a200000)
  object space 21632K, 99% used [0x00000006ffc00000,0x0000000701107968,0x0000000701120000)
}
Event: 5.665 GC heap before
{Heap before GC invocations=7 (full 0):
 PSYoungGen      total 264896K, used 264887K [0x00000007ae0b0000, 0x00000007c1d90000, 0x0000000800000000)
  eden space 240448K, 100% used [0x00000007ae0b0000,0x00000007bcb80000,0x00000007bcb80000)
  from space 24448K, 99% used [0x00000007beed0000,0x00000007c06add40,0x00000007c06b0000)
  to   space 36160K, 0% used [0x00000007bcb80000,0x00000007bcb80000,0x00000007beed0000)
 ParOldGen       total 167872K, used 30845K [0x000000070a200000, 0x00000007145f0000, 0x00000007ae0b0000)
  object space 167872K, 18% used [0x000000070a200000,0x000000070c01f490,0x00000007145f0000)
 PSPermGen       total 21632K, used 21548K [0x00000006ffc00000, 0x0000000701120000, 0x000000070a200000)
  object space 21632K, 99% used [0x00000006ffc00000,0x000000070110b178,0x0000000701120000)
Event: 5.715 GC heap after
Heap after GC invocations=7 (full 0):
 PSYoungGen      total 276608K, used 36150K [0x00000007ae0b0000, 0x00000007d2410000, 0x0000000800000000)
  eden space 240448K, 0% used [0x00000007ae0b0000,0x00000007ae0b0000,0x00000007bcb80000)
  from space 36160K, 99% used [0x00000007bcb80000,0x00000007beecdb70,0x00000007beed0000)
  to   space 56192K, 0% used [0x00000007ced30000,0x00000007ced30000,0x00000007d2410000)
 ParOldGen       total 167872K, used 57013K [0x000000070a200000, 0x00000007145f0000, 0x00000007ae0b0000)
  object space 167872K, 33% used [0x000000070a200000,0x000000070d9ad420,0x00000007145f0000)
 PSPermGen       total 21632K, used 21548K [0x00000006ffc00000, 0x0000000701120000, 0x000000070a200000)
  object space 21632K, 99% used [0x00000006ffc00000,0x000000070110b178,0x0000000701120000)
}
Event: 7.450 GC heap before
{Heap before GC invocations=8 (full 0):
 PSYoungGen      total 276608K, used 276598K [0x00000007ae0b0000, 0x00000007d2410000, 0x0000000800000000)
  eden space 240448K, 100% used [0x00000007ae0b0000,0x00000007bcb80000,0x00000007bcb80000)
  from space 36160K, 99% used [0x00000007bcb80000,0x00000007beecdb70,0x00000007beed0000)
  to   space 56192K, 0% used [0x00000007ced30000,0x00000007ced30000,0x00000007d2410000)
 ParOldGen       total 167872K, used 57013K [0x000000070a200000, 0x00000007145f0000, 0x00000007ae0b0000)
  object space 167872K, 33% used [0x000000070a200000,0x000000070d9ad420,0x00000007145f0000)
 PSPermGen       total 36224K, used 36043K [0x00000006ffc00000, 0x0000000701f60000, 0x000000070a200000)
  object space 36224K, 99% used [0x00000006ffc00000,0x0000000701f32fc0,0x0000000701f60000)
Event: 7.487 GC heap after
Heap after GC invocations=8 (full 0):
 PSYoungGen      total 534976K, used 37207K [0x00000007ae0b0000, 0x00000007d2830000, 0x0000000800000000)
  eden space 478784K, 0% used [0x00000007ae0b0000,0x00000007ae0b0000,0x00000007cb440000)
  from space 56192K, 66% used [0x00000007ced30000,0x00000007d1185c90,0x00000007d2410000)
  to   space 58304K, 0% used [0x00000007cb440000,0x00000007cb440000,0x00000007ced30000)
 ParOldGen       total 167872K, used 60128K [0x000000070a200000, 0x00000007145f0000, 0x00000007ae0b0000)
  object space 167872K, 35% used [0x000000070a200000,0x000000070dcb8058,0x00000007145f0000)
 PSPermGen       total 36224K, used 36043K [0x00000006ffc00000, 0x0000000701f60000, 0x000000070a200000)
  object space 36224K, 99% used [0x00000006ffc00000,0x0000000701f32fc0,0x0000000701f60000)
}
Event: 16.212 GC heap before
{Heap before GC invocations=9 (full 0):
 PSYoungGen      total 534976K, used 515991K [0x00000007ae0b0000, 0x00000007d2830000, 0x0000000800000000)
  eden space 478784K, 100% used [0x00000007ae0b0000,0x00000007cb440000,0x00000007cb440000)
  from space 56192K, 66% used [0x00000007ced30000,0x00000007d1185c90,0x00000007d2410000)
  to   space 58304K, 0% used [0x00000007cb440000,0x00000007cb440000,0x00000007ced30000)
 ParOldGen       total 167872K, used 60128K [0x000000070a200000, 0x00000007145f0000, 0x00000007ae0b0000)
  object space 167872K, 35% used [0x000000070a200000,0x000000070dcb8058,0x00000007145f0000)
 PSPermGen       total 50624K, used 50471K [0x00000006ffc00000, 0x0000000702d70000, 0x000000070a200000)
  object space 50624K, 99% used [0x00000006ffc00000,0x0000000702d49ce8,0x0000000702d70000)
Event: 16.238 GC heap after
Heap after GC invocations=9 (full 0):
 PSYoungGen      total 537088K, used 41619K [0x00000007ae0b0000, 0x00000007e44b0000, 0x0000000800000000)
  eden space 478784K, 0% used [0x00000007ae0b0000,0x00000007ae0b0000,0x00000007cb440000)
  from space 58304K, 71% used [0x00000007cb440000,0x00000007cdce4ff0,0x00000007ced30000)
  to   space 61376K, 0% used [0x00000007e08c0000,0x00000007e08c0000,0x00000007e44b0000)
 ParOldGen       total 167872K, used 62582K [0x000000070a200000, 0x00000007145f0000, 0x00000007ae0b0000)
  object space 167872K, 37% used [0x000000070a200000,0x000000070df1d860,0x00000007145f0000)
 PSPermGen       total 50624K, used 50471K [0x00000006ffc00000, 0x0000000702d70000, 0x000000070a200000)
  object space 50624K, 99% used [0x00000006ffc00000,0x0000000702d49ce8,0x0000000702d70000)
}
Event: 280.833 GC heap before
{Heap before GC invocations=10 (full 0):
 PSYoungGen      total 537088K, used 520403K [0x00000007ae0b0000, 0x00000007e44b0000, 0x0000000800000000)
  eden space 478784K, 100% used [0x00000007ae0b0000,0x00000007cb440000,0x00000007cb440000)
  from space 58304K, 71% used [0x00000007cb440000,0x00000007cdce4ff0,0x00000007ced30000)
  to   space 61376K, 0% used [0x00000007e08c0000,0x00000007e08c0000,0x00000007e44b0000)
 ParOldGen       total 167872K, used 62582K [0x000000070a200000, 0x00000007145f0000, 0x00000007ae0b0000)
  object space 167872K, 37% used [0x000000070a200000,0x000000070df1d860,0x00000007145f0000)
 PSPermGen       total 56768K, used 56722K [0x00000006ffc00000, 0x0000000703370000, 0x000000070a200000)
  object space 56768K, 99% used [0x00000006ffc00000,0x00000007033648b0,0x0000000703370000)
Event: 280.873 GC heap after
Heap after GC invocations=10 (full 0):
 PSYoungGen      total 824512K, used 44223K [0x00000007ae0b0000, 0x00000007e4a70000, 0x0000000800000000)
  eden space 763136K, 0% used [0x00000007ae0b0000,0x00000007ae0b0000,0x00000007dc9f0000)
  from space 61376K, 72% used [0x00000007e08c0000,0x00000007e33efc78,0x00000007e44b0000)
  to   space 64320K, 0% used [0x00000007dc9f0000,0x00000007dc9f0000,0x00000007e08c0000)
 ParOldGen       total 167872K, used 71774K [0x000000070a200000, 0x00000007145f0000, 0x00000007ae0b0000)
  object space 167872K, 42% used [0x000000070a200000,0x000000070e817be0,0x00000007145f0000)
 PSPermGen       total 56768K, used 56722K [0x00000006ffc00000, 0x0000000703370000, 0x000000070a200000)
  object space 56768K, 99% used [0x00000006ffc00000,0x00000007033648b0,0x0000000703370000)
}

